C:\USERS\M\DESKTOP\VIBE_LBSP仅RGB\DEBUG\VIBE_LBSP.EXE
C:\USERS\M\DESKTOP\VIBE_LBSP仅RGB\DEBUG\VIBE_LBSP.ILK
C:\USERS\M\DESKTOP\VIBE_LBSP仅RGB\DEBUG\VIBE_LBSP.PDB
C:\USERS\M\DESKTOP\VIBE_LBSP仅RGB\VIBE_LBSP\DEBUG\BACKGROUNDSUBTRACTORLBSP.OBJ
C:\USERS\M\DESKTOP\VIBE_LBSP仅RGB\VIBE_LBSP\DEBUG\BACKGROUNDSUBTRACTORSUBSENSE.OBJ
C:\USERS\M\DESKTOP\VIBE_LBSP仅RGB\VIBE_LBSP\DEBUG\BGFG_SEGM.OBJ
C:\Users\m\Desktop\ViBe_LBSP仅RGB\ViBe_LBSP\Debug\cl.command.1.tlog
C:\Users\m\Desktop\ViBe_LBSP仅RGB\ViBe_LBSP\Debug\CL.read.1.tlog
C:\Users\m\Desktop\ViBe_LBSP仅RGB\ViBe_LBSP\Debug\CL.write.1.tlog
C:\USERS\M\DESKTOP\VIBE_LBSP仅RGB\VIBE_LBSP\DEBUG\LBSP.OBJ
C:\Users\m\Desktop\ViBe_LBSP仅RGB\ViBe_LBSP\Debug\link.command.1.tlog
C:\Users\m\Desktop\ViBe_LBSP仅RGB\ViBe_LBSP\Debug\link.read.1.tlog
C:\Users\m\Desktop\ViBe_LBSP仅RGB\ViBe_LBSP\Debug\link.write.1.tlog
C:\Users\m\Desktop\ViBe_LBSP仅RGB\ViBe_LBSP\Debug\mt.command.1.tlog
C:\Users\m\Desktop\ViBe_LBSP仅RGB\ViBe_LBSP\Debug\mt.read.1.tlog
C:\Users\m\Desktop\ViBe_LBSP仅RGB\ViBe_LBSP\Debug\mt.read.2.tlog
C:\Users\m\Desktop\ViBe_LBSP仅RGB\ViBe_LBSP\Debug\mt.write.1.tlog
C:\Users\m\Desktop\ViBe_LBSP仅RGB\ViBe_LBSP\Debug\vc100.idb
C:\USERS\M\DESKTOP\VIBE_LBSP仅RGB\VIBE_LBSP\DEBUG\VC100.PDB
C:\USERS\M\DESKTOP\VIBE_LBSP仅RGB\VIBE_LBSP\DEBUG\VIBE_LBSP.EXE.INTERMEDIATE.MANIFEST
C:\Users\m\Desktop\ViBe_LBSP仅RGB\ViBe_LBSP\Debug\ViBe_LBSP.write.1.tlog
