生成启动时间为 2016/4/13 20:56:26。
     1>项目“C:\Users\m\Desktop\ViBe_LBSP仅RGB\ViBe_LBSP\ViBe_LBSP.vcxproj”在节点 2 上(build 个目标)。
     1>InitializeBuildStatus:
         正在创建“Debug\ViBe_LBSP.unsuccessfulbuild”，因为已指定“AlwaysCreate”。
       ClCompile:
         D:\Program Files\Microsoft Visual Studio 10.0\VC\bin\CL.exe /c /ZI /nologo /W3 /WX- /Od /Oy- /D _MBCS /Gm /EHsc /RTC1 /MDd /GS /fp:precise /Zc:wchar_t /Zc:forScope /Fo"Debug\\" /Fd"Debug\vc100.pdb" /Gd /TP /analyze- /errorReport:prompt ..\bgfg_segm.cpp
         bgfg_segm.cpp
       Link:
         D:\Program Files\Microsoft Visual Studio 10.0\VC\bin\link.exe /ERRORREPORT:PROMPT /OUT:"C:\Users\m\Desktop\ViBe_LBSP仅RGB\Debug\ViBe_LBSP.exe" /NOLOGO opencv_ml249d.lib opencv_calib3d249d.lib opencv_contrib249d.lib opencv_core249d.lib opencv_features2d249d.lib opencv_flann249d.lib opencv_gpu249d.lib opencv_highgui249d.lib opencv_imgproc249d.lib opencv_legacy249d.lib opencv_objdetect249d.lib opencv_ts249d.lib opencv_video249d.lib opencv_nonfree249d.lib opencv_ocl249d.lib opencv_photo249d.lib opencv_stitching249d.lib opencv_superres249d.lib opencv_videostab249d.lib opencv_objdetect249.lib opencv_ts249.lib opencv_video249.lib opencv_nonfree249.lib opencv_ocl249.lib opencv_photo249.lib opencv_stitching249.lib opencv_superres249.lib opencv_videostab249.lib opencv_calib3d249.lib opencv_contrib249.lib opencv_core249.lib opencv_features2d249.lib opencv_flann249.lib opencv_gpu249.lib opencv_highgui249.lib opencv_imgproc249.lib opencv_legacy249.lib opencv_ml249.lib kernel32.lib user32.lib gdi32.lib winspool.lib comdlg32.lib advapi32.lib shell32.lib ole32.lib oleaut32.lib uuid.lib odbc32.lib odbccp32.lib /MANIFEST /ManifestFile:"Debug\ViBe_LBSP.exe.intermediate.manifest" /MANIFESTUAC:"level='asInvoker' uiAccess='false'" /DEBUG /PDB:"C:\Users\m\Desktop\ViBe_LBSP仅RGB\Debug\ViBe_LBSP.pdb" /TLBID:1 /DYNAMICBASE /NXCOMPAT /IMPLIB:"C:\Users\m\Desktop\ViBe_LBSP仅RGB\Debug\ViBe_LBSP.lib" /MACHINE:X86 Debug\BackgroundSubtractorLBSP.obj
         Debug\BackgroundSubtractorSuBSENSE.obj
         Debug\bgfg_segm.obj
         Debug\LBSP.obj
         LINK : 没有找到 C:\Users\m\Desktop\ViBe_LBSP仅RGB\Debug\ViBe_LBSP.exe 或上一个增量链接没有生成它；正在执行完全链接
         ViBe_LBSP.vcxproj -> C:\Users\m\Desktop\ViBe_LBSP仅RGB\Debug\ViBe_LBSP.exe
       Manifest:
         C:\Program Files\Microsoft SDKs\Windows\v7.0A\bin\mt.exe /nologo /verbose /outputresource:"C:\Users\m\Desktop\ViBe_LBSP仅RGB\Debug\ViBe_LBSP.exe;#1" /manifest Debug\ViBe_LBSP.exe.intermediate.manifest
       FinalizeBuildStatus:
         正在删除文件“Debug\ViBe_LBSP.unsuccessfulbuild”。
         正在对“Debug\ViBe_LBSP.lastbuildstate”执行 Touch 任务。
     1>已完成生成项目“C:\Users\m\Desktop\ViBe_LBSP仅RGB\ViBe_LBSP\ViBe_LBSP.vcxproj”(build 个目标)的操作。

生成成功。

已用时间 00:00:02.50
